c:\users\cycledm\onedrive\projects\gm31\gm_dx11_learning\code\dx11project\debug\field.obj
c:\users\cycledm\onedrive\projects\gm31\gm_dx11_learning\code\dx11project\debug\polygon2d.obj
c:\users\cycledm\onedrive\projects\gm31\gm_dx11_learning\code\dx11project\debug\renderer.obj
c:\users\cycledm\onedrive\projects\gm31\gm_dx11_learning\code\dx11project\debug\manager.obj
c:\users\cycledm\onedrive\projects\gm31\gm_dx11_learning\code\dx11project\debug\main.obj
c:\users\cycledm\onedrive\projects\gm31\gm_dx11_learning\code\dx11project\debug\camera.obj
c:\users\cycledm\onedrive\projects\gm31\gm_dx11_learning\code\dx11project\debug\player.obj
c:\users\cycledm\onedrive\projects\gm31\gm_dx11_learning\code\dx11project\debug\model.obj
c:\users\cycledm\onedrive\projects\gm31\gm_dx11_learning\code\dx11project\debug\vc142.pdb
c:\users\cycledm\onedrive\projects\gm31\gm_dx11_learning\code\dx11project\debug\title.obj
c:\users\cycledm\onedrive\projects\gm31\gm_dx11_learning\code\dx11project\debug\shadow.obj
c:\users\cycledm\onedrive\projects\gm31\gm_dx11_learning\code\dx11project\debug\input.obj
c:\users\cycledm\onedrive\projects\gm31\gm_dx11_learning\code\dx11project\debug\explosion.obj
c:\users\cycledm\onedrive\projects\gm31\gm_dx11_learning\code\dx11project\debug\result.obj
c:\users\cycledm\onedrive\projects\gm31\gm_dx11_learning\code\dx11project\debug\bullet.obj
c:\users\cycledm\onedrive\projects\gm31\gm_dx11_learning\code\dx11project\debug\titlelogo.obj
c:\users\cycledm\onedrive\projects\gm31\gm_dx11_learning\code\dx11project\debug\audio.obj
c:\users\cycledm\onedrive\projects\gm31\gm_dx11_learning\code\dx11project\debug\sky.obj
c:\users\cycledm\onedrive\projects\gm31\gm_dx11_learning\code\dx11project\debug\resultlogo.obj
c:\users\cycledm\onedrive\projects\gm31\gm_dx11_learning\code\dx11project\debug\animationmodel.obj
c:\users\cycledm\onedrive\projects\gm31\gm_dx11_learning\code\dx11project\debug\enemy.obj
c:\users\cycledm\onedrive\projects\gm31\gm_dx11_learning\code\dx11project\debug\game.obj
c:\users\cycledm\onedrive\projects\gm31\gm_dx11_learning\code\dx11project\unlittextureps.cso
c:\users\cycledm\onedrive\projects\gm31\gm_dx11_learning\code\dx11project\unlittexturevs.cso
c:\users\cycledm\onedrive\projects\gm31\gm_dx11_learning\code\dx11project\vertexlightingps.cso
c:\users\cycledm\onedrive\projects\gm31\gm_dx11_learning\code\dx11project\vertexlightingvs.cso
c:\users\cycledm\onedrive\projects\gm31\gm_dx11_learning\code\debug\dx11project.exe
c:\users\cycledm\onedrive\projects\gm31\gm_dx11_learning\code\dx11project\debug\dx11project.ilk
c:\users\cycledm\onedrive\projects\gm31\gm_dx11_learning\code\debug\dx11project.pdb
c:\users\cycledm\onedrive\projects\gm31\gm_dx11_learning\code\dx11project\debug\vc142.idb
c:\users\cycledm\onedrive\projects\gm31\gm_dx11_learning\code\debug\dx11project.ilk
c:\users\cycledm\onedrive\projects\gm31\gm_dx11_learning\code\dx11project\debug\dx11project.tlog\cl.command.1.tlog
c:\users\cycledm\onedrive\projects\gm31\gm_dx11_learning\code\dx11project\debug\dx11project.tlog\cl.read.1.tlog
c:\users\cycledm\onedrive\projects\gm31\gm_dx11_learning\code\dx11project\debug\dx11project.tlog\cl.write.1.tlog
c:\users\cycledm\onedrive\projects\gm31\gm_dx11_learning\code\dx11project\debug\dx11project.tlog\fxc.command.1.tlog
c:\users\cycledm\onedrive\projects\gm31\gm_dx11_learning\code\dx11project\debug\dx11project.tlog\fxc.read.1.tlog
c:\users\cycledm\onedrive\projects\gm31\gm_dx11_learning\code\dx11project\debug\dx11project.tlog\fxc.write.1.tlog
c:\users\cycledm\onedrive\projects\gm31\gm_dx11_learning\code\dx11project\debug\dx11project.tlog\link.command.1.tlog
c:\users\cycledm\onedrive\projects\gm31\gm_dx11_learning\code\dx11project\debug\dx11project.tlog\link.read.1.tlog
c:\users\cycledm\onedrive\projects\gm31\gm_dx11_learning\code\dx11project\debug\dx11project.tlog\link.write.1.tlog
