  manager.cpp
C:\Users\CycleDM\OneDrive\Projects\GM31\GM_DX11_Learning\Code\DX11Project\scene.h(25,1): error C2664: “void std::list<GameObject *,std::allocator<GameObject *>>::push_back(_Ty &&)”: 无法将参数 1 从“T *”转换为“_Ty &&”
          with
          [
              _Ty=GameObject *
          ]
          and
          [
              T=Scene
          ]
          and
          [
              _Ty=GameObject *
          ]
C:\Users\CycleDM\OneDrive\Projects\GM31\GM_DX11_Learning\Code\DX11Project\scene.h(25,1): message : 原因如下: 无法从“T *”转换为“_Ty”
          with
          [
              T=Scene
          ]
          and
          [
              _Ty=GameObject *
          ]
C:\Users\CycleDM\OneDrive\Projects\GM31\GM_DX11_Learning\Code\DX11Project\scene.h(25,26): message : 与指向的类型无关；强制转换要求 reinterpret_cast、C 样式强制转换或函数样式强制转换
C:\Program Files (x86)\Microsoft Visual Studio\2019\Community\VC\Tools\MSVC\14.28.29910\include\list(972,10): message : 参见“std::list<GameObject *,std::allocator<GameObject *>>::push_back”的声明
C:\Users\CycleDM\OneDrive\Projects\GM31\GM_DX11_Learning\Code\DX11Project\scene.h(36): message : 查看对正在编译的函数 模板 实例化“T *Scene::AddGameObject<Scene>(void)”的引用
          with
          [
              T=Scene
          ]
