c:\users\cycledm\onedrive\projects\gm31\gm_dx11_learning\code\dx11project\x64\debug\field.obj
c:\users\cycledm\onedrive\projects\gm31\gm_dx11_learning\code\dx11project\x64\debug\main.obj
c:\users\cycledm\onedrive\projects\gm31\gm_dx11_learning\code\dx11project\x64\debug\renderer.obj
c:\users\cycledm\onedrive\projects\gm31\gm_dx11_learning\code\dx11project\x64\debug\camera.obj
c:\users\cycledm\onedrive\projects\gm31\gm_dx11_learning\code\dx11project\x64\debug\manager.obj
c:\users\cycledm\onedrive\projects\gm31\gm_dx11_learning\code\dx11project\x64\debug\polygon2d.obj
c:\users\cycledm\onedrive\projects\gm31\gm_dx11_learning\code\dx11project\x64\debug\player.obj
c:\users\cycledm\onedrive\projects\gm31\gm_dx11_learning\code\dx11project\x64\debug\enemy.obj
c:\users\cycledm\onedrive\projects\gm31\gm_dx11_learning\code\dx11project\x64\debug\model.obj
c:\users\cycledm\onedrive\projects\gm31\gm_dx11_learning\code\dx11project\x64\debug\vc142.pdb
c:\users\cycledm\onedrive\projects\gm31\gm_dx11_learning\code\dx11project\x64\debug\bullet.obj
c:\users\cycledm\onedrive\projects\gm31\gm_dx11_learning\code\dx11project\x64\debug\input.obj
c:\users\cycledm\onedrive\projects\gm31\gm_dx11_learning\code\dx11project\x64\debug\explosion.obj
c:\users\cycledm\onedrive\projects\gm31\gm_dx11_learning\code\dx11project\x64\debug\vc142.idb
c:\users\cycledm\onedrive\projects\gm31\gm_dx11_learning\code\dx11project\x64\debug\sky.obj
c:\users\cycledm\desktop\projects\gm_dx11_learning\code\dx11project\x64\debug\input.obj
c:\users\cycledm\desktop\projects\gm_dx11_learning\code\dx11project\x64\debug\model.obj
c:\users\cycledm\desktop\projects\gm_dx11_learning\code\dx11project\x64\debug\title.obj
c:\users\cycledm\desktop\projects\gm_dx11_learning\code\dx11project\x64\debug\field.obj
c:\users\cycledm\desktop\projects\gm_dx11_learning\code\dx11project\x64\debug\polygon2d.obj
c:\users\cycledm\desktop\projects\gm_dx11_learning\code\dx11project\x64\debug\enemy.obj
c:\users\cycledm\desktop\projects\gm_dx11_learning\code\dx11project\x64\debug\main.obj
c:\users\cycledm\desktop\projects\gm_dx11_learning\code\dx11project\x64\debug\renderer.obj
c:\users\cycledm\desktop\projects\gm_dx11_learning\code\dx11project\x64\debug\bullet.obj
c:\users\cycledm\desktop\projects\gm_dx11_learning\code\dx11project\x64\debug\game.obj
c:\users\cycledm\desktop\projects\gm_dx11_learning\code\dx11project\x64\debug\explosion.obj
c:\users\cycledm\desktop\projects\gm_dx11_learning\code\dx11project\x64\debug\player.obj
c:\users\cycledm\desktop\projects\gm_dx11_learning\code\dx11project\x64\debug\sky.obj
c:\users\cycledm\desktop\projects\gm_dx11_learning\code\dx11project\x64\debug\camera.obj
c:\users\cycledm\desktop\projects\gm_dx11_learning\code\dx11project\x64\debug\manager.obj
c:\users\cycledm\desktop\projects\gm_dx11_learning\code\dx11project\x64\debug\titlelogo.obj
c:\users\cycledm\desktop\projects\gm_dx11_learning\code\dx11project\x64\debug\vc142.pdb
c:\users\cycledm\onedrive\projects\gm31\gm_dx11_learning\code\dx11project\unlittextureps.cso
c:\users\cycledm\onedrive\projects\gm31\gm_dx11_learning\code\dx11project\unlittexturevs.cso
c:\users\cycledm\onedrive\projects\gm31\gm_dx11_learning\code\dx11project\vertexlightingps.cso
c:\users\cycledm\onedrive\projects\gm31\gm_dx11_learning\code\dx11project\vertexlightingvs.cso
c:\users\cycledm\desktop\projects\gm_dx11_learning\code\dx11project\unlittextureps.cso
c:\users\cycledm\desktop\projects\gm_dx11_learning\code\dx11project\unlittexturevs.cso
c:\users\cycledm\desktop\projects\gm_dx11_learning\code\dx11project\vertexlightingps.cso
c:\users\cycledm\desktop\projects\gm_dx11_learning\code\dx11project\vertexlightingvs.cso
c:\users\cycledm\onedrive\projects\gm31\gm_dx11_learning\code\x64\debug\dx11project.exe
c:\users\cycledm\onedrive\projects\gm31\gm_dx11_learning\code\dx11project\x64\debug\dx11project.ilk
c:\users\cycledm\onedrive\projects\gm31\gm_dx11_learning\code\x64\debug\dx11project.pdb
c:\users\cycledm\desktop\projects\gm_dx11_learning\code\x64\debug\dx11project.exe
c:\users\cycledm\desktop\projects\gm_dx11_learning\code\x64\debug\dx11project.ilk
c:\users\cycledm\desktop\projects\gm_dx11_learning\code\x64\debug\dx11project.pdb
c:\users\cycledm\onedrive\projects\gm31\gm_dx11_learning\code\x64\debug\dx11project.ilk
c:\users\cycledm\onedrive\projects\gm31\gm_dx11_learning\code\dx11project\x64\debug\dx11project.tlog\cl.command.1.tlog
c:\users\cycledm\onedrive\projects\gm31\gm_dx11_learning\code\dx11project\x64\debug\dx11project.tlog\cl.read.1.tlog
c:\users\cycledm\onedrive\projects\gm31\gm_dx11_learning\code\dx11project\x64\debug\dx11project.tlog\cl.write.1.tlog
c:\users\cycledm\onedrive\projects\gm31\gm_dx11_learning\code\dx11project\x64\debug\dx11project.tlog\fxc.command.1.tlog
c:\users\cycledm\onedrive\projects\gm31\gm_dx11_learning\code\dx11project\x64\debug\dx11project.tlog\fxc.read.1.tlog
c:\users\cycledm\onedrive\projects\gm31\gm_dx11_learning\code\dx11project\x64\debug\dx11project.tlog\fxc.write.1.tlog
c:\users\cycledm\onedrive\projects\gm31\gm_dx11_learning\code\dx11project\x64\debug\dx11project.tlog\link.7444.delete.1.tlog
c:\users\cycledm\onedrive\projects\gm31\gm_dx11_learning\code\dx11project\x64\debug\dx11project.tlog\link.9032.delete.1.tlog
c:\users\cycledm\onedrive\projects\gm31\gm_dx11_learning\code\dx11project\x64\debug\dx11project.tlog\link.command.1.tlog
c:\users\cycledm\onedrive\projects\gm31\gm_dx11_learning\code\dx11project\x64\debug\dx11project.tlog\link.read.1.tlog
c:\users\cycledm\onedrive\projects\gm31\gm_dx11_learning\code\dx11project\x64\debug\dx11project.tlog\link.write.1.tlog
